2022-05-17 22:19:36,502:INFO:PyCaret NLP Module
2022-05-17 22:19:36,503:INFO:version 2.3.10
2022-05-17 22:19:36,503:INFO:Initializing setup()
2022-05-17 22:19:36,504:INFO:USI: 0c87
2022-05-17 22:19:36,504:INFO:setup(data=(997, 1), target=abstract, custom_stopwords=None, html=True, session_id=123, log_experiment=False,
                    experiment_name=None, log_plots=False, log_data=False, verbose=True)
2022-05-17 22:19:36,509:INFO:Checking environment
2022-05-17 22:19:36,510:INFO:python_version: 3.7.6
2022-05-17 22:19:36,511:INFO:python_build: ('tags/v3.7.6:43364a7ae0', 'Dec 19 2019 00:42:30')
2022-05-17 22:19:36,512:INFO:machine: AMD64
2022-05-17 22:19:36,513:INFO:platform: Windows-10-10.0.19041-SP0
2022-05-17 22:19:36,515:WARNING:cannot find psutil installation. memory not traceable. Install psutil using pip to enable memory logging. 
2022-05-17 22:19:36,516:INFO:Checking libraries
2022-05-17 22:19:36,517:INFO:pd==1.3.5
2022-05-17 22:19:36,518:INFO:numpy==1.19.5
2022-05-17 22:19:36,961:INFO:gensim==3.8.3
2022-05-17 22:19:36,961:INFO:spacy==2.3.7
2022-05-17 22:19:37,652:INFO:nltk==3.7
2022-05-17 22:19:37,714:INFO:textblob==0.17.1
2022-05-17 22:19:37,752:INFO:pyLDAvis==3.2.2
2022-05-17 22:19:37,829:INFO:wordcloud==1.8.1
2022-05-17 22:19:37,830:INFO:mlflow==1.26.0
2022-05-17 22:19:37,830:INFO:Checking Exceptions
2022-05-17 22:42:50,039:INFO:PyCaret NLP Module
2022-05-17 22:42:50,040:INFO:version 2.3.10
2022-05-17 22:42:50,040:INFO:Initializing setup()
2022-05-17 22:42:50,040:INFO:USI: 8bcd
2022-05-17 22:42:50,041:INFO:setup(data=(997, 1), target=abstract, custom_stopwords=None, html=True, session_id=123, log_experiment=False,
                    experiment_name=None, log_plots=False, log_data=False, verbose=True)
2022-05-17 22:42:50,041:INFO:Checking environment
2022-05-17 22:42:50,042:INFO:python_version: 3.7.6
2022-05-17 22:42:50,043:INFO:python_build: ('tags/v3.7.6:43364a7ae0', 'Dec 19 2019 00:42:30')
2022-05-17 22:42:50,044:INFO:machine: AMD64
2022-05-17 22:42:50,045:INFO:platform: Windows-10-10.0.19041-SP0
2022-05-17 22:42:50,050:WARNING:cannot find psutil installation. memory not traceable. Install psutil using pip to enable memory logging. 
2022-05-17 22:42:50,051:INFO:Checking libraries
2022-05-17 22:42:50,051:INFO:pd==1.3.5
2022-05-17 22:42:50,052:INFO:numpy==1.19.5
2022-05-17 22:42:50,052:INFO:gensim==3.8.3
2022-05-17 22:42:50,053:INFO:spacy==2.3.7
2022-05-17 22:42:50,054:INFO:nltk==3.7
2022-05-17 22:42:50,054:INFO:textblob==0.17.1
2022-05-17 22:42:50,057:INFO:pyLDAvis==3.2.2
2022-05-17 22:42:50,058:INFO:wordcloud==1.8.1
2022-05-17 22:42:50,058:INFO:mlflow==1.26.0
2022-05-17 22:42:50,059:INFO:Checking Exceptions
2022-05-17 22:44:39,199:INFO:PyCaret NLP Module
2022-05-17 22:44:39,200:INFO:version 2.3.10
2022-05-17 22:44:39,200:INFO:Initializing setup()
2022-05-17 22:44:39,201:INFO:USI: 18a9
2022-05-17 22:44:39,201:INFO:setup(data=(997, 1), target=abstract, custom_stopwords=None, html=True, session_id=123, log_experiment=False,
                    experiment_name=None, log_plots=False, log_data=False, verbose=True)
2022-05-17 22:44:39,206:INFO:Checking environment
2022-05-17 22:44:39,206:INFO:python_version: 3.7.6
2022-05-17 22:44:39,207:INFO:python_build: ('tags/v3.7.6:43364a7ae0', 'Dec 19 2019 00:42:30')
2022-05-17 22:44:39,208:INFO:machine: AMD64
2022-05-17 22:44:39,209:INFO:platform: Windows-10-10.0.19041-SP0
2022-05-17 22:44:39,212:WARNING:cannot find psutil installation. memory not traceable. Install psutil using pip to enable memory logging. 
2022-05-17 22:44:39,212:INFO:Checking libraries
2022-05-17 22:44:39,213:INFO:pd==1.3.5
2022-05-17 22:44:39,213:INFO:numpy==1.19.5
2022-05-17 22:44:39,214:INFO:gensim==3.8.3
2022-05-17 22:44:39,214:INFO:spacy==2.3.7
2022-05-17 22:44:39,215:INFO:nltk==3.7
2022-05-17 22:44:39,216:INFO:textblob==0.17.1
2022-05-17 22:44:39,216:INFO:pyLDAvis==3.2.2
2022-05-17 22:44:39,217:INFO:wordcloud==1.8.1
2022-05-17 22:44:39,217:INFO:mlflow==1.26.0
2022-05-17 22:44:39,218:INFO:Checking Exceptions
2022-05-17 22:46:38,122:INFO:PyCaret NLP Module
2022-05-17 22:46:38,123:INFO:version 2.3.10
2022-05-17 22:46:38,123:INFO:Initializing setup()
2022-05-17 22:46:38,124:INFO:USI: c96d
2022-05-17 22:46:38,124:INFO:setup(data=(997, 1), target=abstract, custom_stopwords=None, html=True, session_id=123, log_experiment=False,
                    experiment_name=None, log_plots=False, log_data=False, verbose=True)
2022-05-17 22:46:38,127:INFO:Checking environment
2022-05-17 22:46:38,128:INFO:python_version: 3.7.6
2022-05-17 22:46:38,129:INFO:python_build: ('tags/v3.7.6:43364a7ae0', 'Dec 19 2019 00:42:30')
2022-05-17 22:46:38,130:INFO:machine: AMD64
2022-05-17 22:46:38,130:INFO:platform: Windows-10-10.0.19041-SP0
2022-05-17 22:46:38,132:WARNING:cannot find psutil installation. memory not traceable. Install psutil using pip to enable memory logging. 
2022-05-17 22:46:38,134:INFO:Checking libraries
2022-05-17 22:46:38,134:INFO:pd==1.3.5
2022-05-17 22:46:38,134:INFO:numpy==1.19.5
2022-05-17 22:46:38,135:INFO:gensim==3.8.3
2022-05-17 22:46:38,135:INFO:spacy==2.3.7
2022-05-17 22:46:38,136:INFO:nltk==3.7
2022-05-17 22:46:38,136:INFO:textblob==0.17.1
2022-05-17 22:46:38,137:INFO:pyLDAvis==3.2.2
2022-05-17 22:46:38,137:INFO:wordcloud==1.8.1
2022-05-17 22:46:38,138:INFO:mlflow==1.26.0
2022-05-17 22:46:38,138:INFO:Checking Exceptions
2022-05-17 22:47:15,199:INFO:PyCaret NLP Module
2022-05-17 22:47:15,199:INFO:version 2.3.10
2022-05-17 22:47:15,199:INFO:Initializing setup()
2022-05-17 22:47:15,199:INFO:USI: 8fc0
2022-05-17 22:47:15,200:INFO:setup(data=(997, 1), target=abstract, custom_stopwords=None, html=True, session_id=123, log_experiment=False,
                    experiment_name=None, log_plots=False, log_data=False, verbose=True)
2022-05-17 22:47:15,201:INFO:Checking environment
2022-05-17 22:47:15,203:INFO:python_version: 3.7.6
2022-05-17 22:47:15,203:INFO:python_build: ('tags/v3.7.6:43364a7ae0', 'Dec 19 2019 00:42:30')
2022-05-17 22:47:15,204:INFO:machine: AMD64
2022-05-17 22:47:15,204:INFO:platform: Windows-10-10.0.19041-SP0
2022-05-17 22:47:15,206:WARNING:cannot find psutil installation. memory not traceable. Install psutil using pip to enable memory logging. 
2022-05-17 22:47:15,207:INFO:Checking libraries
2022-05-17 22:47:15,207:INFO:pd==1.3.5
2022-05-17 22:47:15,208:INFO:numpy==1.19.5
2022-05-17 22:47:15,208:INFO:gensim==3.8.3
2022-05-17 22:47:15,209:INFO:spacy==2.3.7
2022-05-17 22:47:15,210:INFO:nltk==3.7
2022-05-17 22:47:15,211:INFO:textblob==0.17.1
2022-05-17 22:47:15,213:INFO:pyLDAvis==3.2.2
2022-05-17 22:47:15,213:INFO:wordcloud==1.8.1
2022-05-17 22:47:15,214:INFO:mlflow==1.26.0
2022-05-17 22:47:15,216:INFO:Checking Exceptions
2022-05-17 22:55:03,150:INFO:PyCaret NLP Module
2022-05-17 22:55:03,151:INFO:version 2.3.10
2022-05-17 22:55:03,152:INFO:Initializing setup()
2022-05-17 22:55:03,152:INFO:USI: 7b7b
2022-05-17 22:55:03,152:INFO:setup(data=(997, 1), target=abstract, custom_stopwords=None, html=True, session_id=123, log_experiment=False,
                    experiment_name=None, log_plots=False, log_data=False, verbose=True)
2022-05-17 22:55:03,154:INFO:Checking environment
2022-05-17 22:55:03,154:INFO:python_version: 3.7.6
2022-05-17 22:55:03,154:INFO:python_build: ('tags/v3.7.6:43364a7ae0', 'Dec 19 2019 00:42:30')
2022-05-17 22:55:03,155:INFO:machine: AMD64
2022-05-17 22:55:03,155:INFO:platform: Windows-10-10.0.19041-SP0
2022-05-17 22:55:03,157:WARNING:cannot find psutil installation. memory not traceable. Install psutil using pip to enable memory logging. 
2022-05-17 22:55:03,157:INFO:Checking libraries
2022-05-17 22:55:03,157:INFO:pd==1.3.5
2022-05-17 22:55:03,158:INFO:numpy==1.19.5
2022-05-17 22:55:03,158:INFO:gensim==3.8.3
2022-05-17 22:55:03,159:INFO:spacy==2.3.7
2022-05-17 22:55:03,159:INFO:nltk==3.7
2022-05-17 22:55:03,160:INFO:textblob==0.17.1
2022-05-17 22:55:03,161:INFO:pyLDAvis==3.2.2
2022-05-17 22:55:03,161:INFO:wordcloud==1.8.1
2022-05-17 22:55:03,161:INFO:mlflow==1.26.0
2022-05-17 22:55:03,162:INFO:Checking Exceptions
2022-05-17 22:57:45,386:INFO:PyCaret NLP Module
2022-05-17 22:57:45,387:INFO:version 2.3.10
2022-05-17 22:57:45,388:INFO:Initializing setup()
2022-05-17 22:57:45,388:INFO:USI: 63a6
2022-05-17 22:57:45,388:INFO:setup(data=(997, 1), target=abstract, custom_stopwords=None, html=True, session_id=123, log_experiment=False,
                    experiment_name=None, log_plots=False, log_data=False, verbose=True)
2022-05-17 22:57:45,389:INFO:Checking environment
2022-05-17 22:57:45,391:INFO:python_version: 3.7.6
2022-05-17 22:57:45,392:INFO:python_build: ('tags/v3.7.6:43364a7ae0', 'Dec 19 2019 00:42:30')
2022-05-17 22:57:45,393:INFO:machine: AMD64
2022-05-17 22:57:45,393:INFO:platform: Windows-10-10.0.19041-SP0
2022-05-17 22:57:45,396:WARNING:cannot find psutil installation. memory not traceable. Install psutil using pip to enable memory logging. 
2022-05-17 22:57:45,397:INFO:Checking libraries
2022-05-17 22:57:45,397:INFO:pd==1.3.5
2022-05-17 22:57:45,398:INFO:numpy==1.19.5
2022-05-17 22:57:45,398:INFO:gensim==3.8.3
2022-05-17 22:57:45,399:INFO:spacy==2.3.7
2022-05-17 22:57:45,399:INFO:nltk==3.7
2022-05-17 22:57:45,400:INFO:textblob==0.17.1
2022-05-17 22:57:45,400:INFO:pyLDAvis==3.2.2
2022-05-17 22:57:45,401:INFO:wordcloud==1.8.1
2022-05-17 22:57:45,401:INFO:mlflow==1.26.0
2022-05-17 22:57:45,403:INFO:Checking Exceptions
2022-05-18 16:16:53,063:INFO:PyCaret NLP Module
2022-05-18 16:16:53,064:INFO:version 2.3.10
2022-05-18 16:16:53,064:INFO:Initializing setup()
2022-05-18 16:16:53,065:INFO:USI: ce87
2022-05-18 16:16:53,065:INFO:setup(data=(997, 1), target=abstract, custom_stopwords=None, html=True, session_id=123, log_experiment=False,
                    experiment_name=None, log_plots=False, log_data=False, verbose=True)
2022-05-18 16:16:53,067:INFO:Checking environment
2022-05-18 16:16:53,068:INFO:python_version: 3.7.6
2022-05-18 16:16:53,068:INFO:python_build: ('tags/v3.7.6:43364a7ae0', 'Dec 19 2019 00:42:30')
2022-05-18 16:16:53,069:INFO:machine: AMD64
2022-05-18 16:16:53,074:INFO:platform: Windows-10-10.0.19041-SP0
2022-05-18 16:16:53,075:WARNING:cannot find psutil installation. memory not traceable. Install psutil using pip to enable memory logging. 
2022-05-18 16:16:53,077:INFO:Checking libraries
2022-05-18 16:16:53,077:INFO:pd==1.3.5
2022-05-18 16:16:53,078:INFO:numpy==1.19.5
2022-05-18 16:16:53,491:INFO:gensim==3.8.3
2022-05-18 16:16:53,491:INFO:spacy==2.3.7
2022-05-18 16:16:54,255:INFO:nltk==3.7
2022-05-18 16:16:54,326:INFO:textblob==0.17.1
2022-05-18 16:16:54,377:INFO:pyLDAvis==3.2.2
2022-05-18 16:16:54,448:INFO:wordcloud==1.8.1
2022-05-18 16:16:54,448:INFO:mlflow==1.26.0
2022-05-18 16:16:54,448:INFO:Checking Exceptions
2022-05-18 16:16:55,318:INFO:Preloading libraries
2022-05-18 16:16:55,319:INFO:Preparing display monitor
2022-05-18 16:16:55,334:INFO:Importing libraries
2022-05-18 16:16:55,335:INFO:Declaring global variables
2022-05-18 16:16:55,335:INFO:Input provided : dataframe
2022-05-18 16:16:55,336:INFO:session_id set to : 123
2022-05-18 16:16:55,336:INFO:Copying training dataset
2022-05-18 16:16:55,336:INFO:Importing stopwords from nltk
2022-05-18 16:16:55,792:INFO:No custom stopwords defined
2022-05-18 16:16:55,793:INFO:Removing numeric characters from the text
2022-05-18 16:16:55,850:INFO:Removing special characters from the text
2022-05-18 16:16:56,185:INFO:Tokenizing Words
2022-05-18 16:16:56,937:INFO:Removing stopwords
2022-05-18 16:16:57,435:INFO:Extracting Bigrams
2022-05-18 16:16:59,069:INFO:Extracting Trigrams
2022-05-18 16:17:01,891:INFO:Lemmatizing tokens
2022-05-18 16:17:12,551:INFO:Removing stopwords after lemmatizing
2022-05-18 16:17:13,102:INFO:Creating corpus and dictionary
2022-05-18 16:17:13,439:INFO:Compiling processed text
2022-05-18 16:17:13,443:INFO:Compiling information grid
2022-05-18 16:17:13,447:INFO:setup() succesfully completed......................................
2022-05-18 16:17:13,448:INFO:Initializing create_model()
2022-05-18 16:17:13,449:INFO:create_model(model=lda, multi_core=False, num_topics=5, verbose=True, system=True)
2022-05-18 16:17:13,449:INFO:Checking exceptions
2022-05-18 16:17:13,450:INFO:Preloading libraries
2022-05-18 16:17:13,450:INFO:Preparing display monitor
2022-05-18 16:17:13,465:INFO:Defining topic model
2022-05-18 16:17:13,465:INFO:Model: Latent Dirichlet Allocation
2022-05-18 16:17:13,466:INFO:Defining num_topics parameter
2022-05-18 16:17:13,467:INFO:num_topics set to: 5
2022-05-18 16:17:13,476:INFO:LdaModel imported successfully
2022-05-18 16:17:22,587:INFO:LdaModel trained successfully
2022-05-18 16:17:22,589:INFO:LdaModel(num_terms=6291, num_topics=5, decay=0.5, chunksize=100)
2022-05-18 16:17:22,589:INFO:create_model() succesfully completed......................................
2022-05-18 16:17:22,591:INFO:Initializing plot_model()
2022-05-18 16:17:22,592:INFO:plot_model(model=None, plot=frequency, topic_num=None, save=True, system=True)
2022-05-18 16:17:22,592:INFO:Checking exceptions
2022-05-18 16:17:22,592:INFO:Importing libraries
2022-05-18 16:17:23,352:INFO:save_param set to True
2022-05-18 16:17:23,354:INFO:plot type: frequency
2022-05-18 16:17:23,354:INFO:Rendering Visual
2022-05-18 16:17:23,354:WARNING:topic_num set to None. Plot generated at corpus level.
2022-05-18 16:17:23,354:INFO:Fitting CountVectorizer()
2022-05-18 16:17:23,825:INFO:Visual Rendered Successfully
2022-05-18 16:17:23,825:INFO:Saving 'Word Frequency.html'
2022-05-18 16:17:24,499:INFO:plot_model() succesfully completed......................................
